<?xml version="1.0" encoding="UTF-8"?>
 <testsuite errors="0" failures="0" name="run" test-cases="1" tests="1">
  <testcase name="rput-smp" skip="0" tests="1">
  </testcase>
 </testsuite>
